c:\other\study\отик\lab3\lab3\lab3\x64\debug\vc143.pdb
c:\other\study\отик\lab3\lab3\lab3\x64\debug\vc143.idb
c:\other\study\отик\lab3\lab3\lab3\x64\debug\huff.obj
c:\other\study\отик\lab3\lab3\x64\debug\lab3.exe
c:\other\study\отик\lab3\lab3\lab3\x64\debug\lab3.ilk
c:\other\study\отик\lab3\lab3\x64\debug\lab3.pdb
h:\otik\lab3\lab3\lab3\x64\debug\huff.obj
h:\otik\lab3\lab3\lab3\x64\debug\huffman.obj
h:\otik\lab3\lab3\lab3\x64\debug\huff.obj.enc
h:\otik\lab3\lab3\lab3\x64\debug\lab3.ilk
h:\otik\lab3\lab3\lab3\x64\debug\vc143.idb
h:\otik\lab3\lab3\lab3\x64\debug\vc143.pdb
h:\otik\lab3\lab3\x64\debug\lab3.pdb
h:\otik\lab3\lab3\x64\debug\lab3.exe
h:\otik\lab3\lab3\lab3\x64\debug\lab3.tlog\cl.command.1.tlog
h:\otik\lab3\lab3\lab3\x64\debug\lab3.tlog\cl.read.1.tlog
h:\otik\lab3\lab3\lab3\x64\debug\lab3.tlog\cl.write.1.tlog
h:\otik\lab3\lab3\lab3\x64\debug\lab3.tlog\link.command.1.tlog
h:\otik\lab3\lab3\lab3\x64\debug\lab3.tlog\link.read.1.tlog
h:\otik\lab3\lab3\lab3\x64\debug\lab3.tlog\link.write.1.tlog
